<?xml version="1.0" encoding="UTF-8"?>
<coverage generated="1748401083795" clover="3.2.0">
  <project timestamp="1748401083795" name="All files">
    <metrics statements="118" coveredstatements="109" conditionals="32" coveredconditionals="26" methods="20" coveredmethods="18" elements="170" coveredelements="153" complexity="0" loc="118" ncloc="118" packages="6" files="6" classes="6"/>
    <package name="src">
      <metrics statements="19" coveredstatements="13" conditionals="7" coveredconditionals="2" methods="3" coveredmethods="1"/>
      <file name="index.ts" path="/Users/isaacarismendi/Documents/LIDR-IA/AI4Devs-lab-ides-RO-1/backend/src/index.ts">
        <metrics statements="19" coveredstatements="13" conditionals="7" coveredconditionals="2" methods="3" coveredmethods="1"/>
        <line num="1" count="2" type="stmt"/>
        <line num="2" count="2" type="stmt"/>
        <line num="3" count="2" type="stmt"/>
        <line num="5" count="2" type="stmt"/>
        <line num="7" count="2" type="stmt"/>
        <line num="8" count="2" type="cond" truecount="2" falsecount="0"/>
        <line num="11" count="2" type="stmt"/>
        <line num="12" count="2" type="stmt"/>
        <line num="14" count="2" type="stmt"/>
        <line num="15" count="1" type="stmt"/>
        <line num="19" count="2" type="stmt"/>
        <line num="23" count="2" type="stmt"/>
        <line num="24" count="0" type="stmt"/>
        <line num="27" count="0" type="cond" truecount="0" falsecount="2"/>
        <line num="28" count="0" type="cond" truecount="0" falsecount="2"/>
        <line num="29" count="0" type="stmt"/>
        <line num="32" count="2" type="cond" truecount="0" falsecount="1"/>
        <line num="33" count="0" type="stmt"/>
        <line num="34" count="0" type="stmt"/>
      </file>
    </package>
    <package name="src.domain.use-cases">
      <metrics statements="19" coveredstatements="19" conditionals="3" coveredconditionals="3" methods="3" coveredmethods="3"/>
      <file name="AddCandidateUseCase.ts" path="/Users/isaacarismendi/Documents/LIDR-IA/AI4Devs-lab-ides-RO-1/backend/src/domain/use-cases/AddCandidateUseCase.ts">
        <metrics statements="19" coveredstatements="19" conditionals="3" coveredconditionals="3" methods="3" coveredmethods="3"/>
        <line num="8" count="4" type="stmt"/>
        <line num="10" count="7" type="stmt"/>
        <line num="11" count="7" type="stmt"/>
        <line num="14" count="4" type="stmt"/>
        <line num="16" count="9" type="cond" truecount="1" falsecount="0"/>
        <line num="17" count="9" type="cond" truecount="1" falsecount="0"/>
        <line num="18" count="2" type="stmt"/>
        <line num="21" count="7" type="stmt"/>
        <line num="24" count="10" type="cond" truecount="1" falsecount="0"/>
        <line num="27" count="4" type="stmt"/>
        <line num="28" count="4" type="stmt"/>
        <line num="31" count="1" type="stmt"/>
        <line num="32" count="1" type="stmt"/>
        <line num="37" count="6" type="stmt"/>
        <line num="44" count="6" type="stmt"/>
        <line num="45" count="5" type="stmt"/>
        <line num="48" count="1" type="stmt"/>
        <line num="50" count="1" type="stmt"/>
        <line num="53" count="4" type="stmt"/>
      </file>
    </package>
    <package name="src.infrastructure.adapters.controllers">
      <metrics statements="21" coveredstatements="21" conditionals="11" coveredconditionals="11" methods="3" coveredmethods="3"/>
      <file name="CandidateController.ts" path="/Users/isaacarismendi/Documents/LIDR-IA/AI4Devs-lab-ides-RO-1/backend/src/infrastructure/adapters/controllers/CandidateController.ts">
        <metrics statements="21" coveredstatements="21" conditionals="11" coveredconditionals="11" methods="3" coveredmethods="3"/>
        <line num="2" count="3" type="stmt"/>
        <line num="7" count="3" type="stmt"/>
        <line num="11" count="8" type="stmt"/>
        <line num="14" count="3" type="stmt"/>
        <line num="16" count="11" type="stmt"/>
        <line num="19" count="11" type="cond" truecount="4" falsecount="0"/>
        <line num="20" count="2" type="stmt"/>
        <line num="21" count="2" type="stmt"/>
        <line num="24" count="9" type="stmt"/>
        <line num="34" count="9" type="stmt"/>
        <line num="35" count="9" type="cond" truecount="1" falsecount="0"/>
        <line num="36" count="3" type="stmt"/>
        <line num="43" count="9" type="stmt"/>
        <line num="44" count="4" type="stmt"/>
        <line num="47" count="5" type="stmt"/>
        <line num="48" count="5" type="cond" truecount="2" falsecount="0"/>
        <line num="49" count="2" type="stmt"/>
        <line num="50" count="3" type="cond" truecount="4" falsecount="0"/>
        <line num="51" count="2" type="stmt"/>
        <line num="53" count="1" type="stmt"/>
        <line num="57" count="3" type="stmt"/>
      </file>
    </package>
    <package name="src.infrastructure.adapters.persistence">
      <metrics statements="14" coveredstatements="14" conditionals="0" coveredconditionals="0" methods="4" coveredmethods="4"/>
      <file name="PrismaCandidateRepository.ts" path="/Users/isaacarismendi/Documents/LIDR-IA/AI4Devs-lab-ides-RO-1/backend/src/infrastructure/adapters/persistence/PrismaCandidateRepository.ts">
        <metrics statements="14" coveredstatements="14" conditionals="0" coveredconditionals="0" methods="4" coveredmethods="4"/>
        <line num="1" count="4" type="stmt"/>
        <line num="8" count="4" type="stmt"/>
        <line num="12" count="8" type="stmt"/>
        <line num="15" count="4" type="stmt"/>
        <line num="17" count="9" type="stmt"/>
        <line num="22" count="7" type="stmt"/>
        <line num="25" count="2" type="stmt"/>
        <line num="26" count="2" type="stmt"/>
        <line num="30" count="4" type="stmt"/>
        <line num="32" count="9" type="stmt"/>
        <line num="35" count="8" type="stmt"/>
        <line num="37" count="1" type="stmt"/>
        <line num="38" count="1" type="stmt"/>
        <line num="45" count="4" type="stmt"/>
      </file>
    </package>
    <package name="src.infrastructure.adapters.storage">
      <metrics statements="18" coveredstatements="18" conditionals="2" coveredconditionals="2" methods="3" coveredmethods="3"/>
      <file name="FileSystemStorageAdapter.ts" path="/Users/isaacarismendi/Documents/LIDR-IA/AI4Devs-lab-ides-RO-1/backend/src/infrastructure/adapters/storage/FileSystemStorageAdapter.ts">
        <metrics statements="18" coveredstatements="18" conditionals="2" coveredconditionals="2" methods="3" coveredmethods="3"/>
        <line num="1" count="3" type="stmt"/>
        <line num="2" count="3" type="stmt"/>
        <line num="5" count="3" type="stmt"/>
        <line num="8" count="4" type="stmt"/>
        <line num="12" count="4" type="cond" truecount="1" falsecount="0"/>
        <line num="13" count="2" type="stmt"/>
        <line num="17" count="3" type="stmt"/>
        <line num="19" count="5" type="stmt"/>
        <line num="22" count="5" type="cond" truecount="1" falsecount="0"/>
        <line num="23" count="4" type="stmt"/>
        <line num="29" count="5" type="stmt"/>
        <line num="30" count="5" type="stmt"/>
        <line num="32" count="10" type="stmt"/>
        <line num="35" count="4" type="stmt"/>
        <line num="38" count="4" type="stmt"/>
        <line num="41" count="1" type="stmt"/>
        <line num="43" count="1" type="stmt"/>
        <line num="46" count="3" type="stmt"/>
      </file>
    </package>
    <package name="src.infrastructure.routes">
      <metrics statements="27" coveredstatements="24" conditionals="9" coveredconditionals="8" methods="4" coveredmethods="4"/>
      <file name="candidateRoutes.ts" path="/Users/isaacarismendi/Documents/LIDR-IA/AI4Devs-lab-ides-RO-1/backend/src/infrastructure/routes/candidateRoutes.ts">
        <metrics statements="27" coveredstatements="24" conditionals="9" coveredconditionals="8" methods="4" coveredmethods="4"/>
        <line num="1" count="2" type="stmt"/>
        <line num="2" count="2" type="stmt"/>
        <line num="3" count="2" type="stmt"/>
        <line num="4" count="2" type="stmt"/>
        <line num="5" count="2" type="stmt"/>
        <line num="8" count="2" type="stmt"/>
        <line num="15" count="3" type="cond" truecount="4" falsecount="0"/>
        <line num="16" count="2" type="stmt"/>
        <line num="20" count="1" type="stmt"/>
        <line num="25" count="2" type="stmt"/>
        <line num="28" count="2" type="stmt"/>
        <line num="29" count="2" type="stmt"/>
        <line num="30" count="2" type="stmt"/>
        <line num="34" count="2" type="stmt"/>
        <line num="38" count="5" type="cond" truecount="0" falsecount="1"/>
        <line num="39" count="0" type="stmt"/>
        <line num="44" count="5" type="stmt"/>
        <line num="46" count="5" type="stmt"/>
        <line num="51" count="2" type="stmt"/>
        <line num="52" count="2" type="cond" truecount="2" falsecount="0"/>
        <line num="54" count="1" type="stmt"/>
        <line num="55" count="1" type="cond" truecount="1" falsecount="0"/>
        <line num="57" count="1" type="cond" truecount="1" falsecount="0"/>
        <line num="58" count="1" type="stmt"/>
        <line num="60" count="0" type="stmt"/>
        <line num="62" count="0" type="stmt"/>
        <line num="65" count="2" type="stmt"/>
      </file>
    </package>
  </project>
</coverage>
