{"/Users/isaacarismendi/Documents/LIDR-IA/AI4Devs-lab-ides-RO-1/backend/src/index.ts": {"path":"/Users/isaacarismendi/Documents/LIDR-IA/AI4Devs-lab-ides-RO-1/backend/src/index.ts","statementMap":{"0":{"start":{"line":1,"column":0},"end":{"line":1,"column":76}},"1":{"start":{"line":2,"column":0},"end":{"line":2,"column":28}},"2":{"start":{"line":3,"column":0},"end":{"line":3,"column":70}},"3":{"start":{"line":5,"column":0},"end":{"line":5,"column":16}},"4":{"start":{"line":7,"column":13},"end":{"line":7,"column":38}},"5":{"start":{"line":8,"column":13},"end":{"line":8,"column":37}},"6":{"start":{"line":11,"column":0},"end":{"line":11,"column":24}},"7":{"start":{"line":12,"column":0},"end":{"line":12,"column":48}},"8":{"start":{"line":14,"column":0},"end":{"line":16,"column":3}},"9":{"start":{"line":15,"column":2},"end":{"line":15,"column":24}},"10":{"start":{"line":19,"column":0},"end":{"line":19,"column":44}},"11":{"start":{"line":23,"column":0},"end":{"line":30,"column":3}},"12":{"start":{"line":24,"column":2},"end":{"line":24,"column":64}},"13":{"start":{"line":27,"column":21},"end":{"line":27,"column":42}},"14":{"start":{"line":28,"column":18},"end":{"line":28,"column":56}},"15":{"start":{"line":29,"column":2},"end":{"line":29,"column":43}},"16":{"start":{"line":32,"column":0},"end":{"line":36,"column":null}},"17":{"start":{"line":33,"column":2},"end":{"line":35,"column":5}},"18":{"start":{"line":34,"column":4},"end":{"line":34,"column":65}}},"fnMap":{"0":{"name":"(anonymous_1)","decl":{"start":{"line":14,"column":13},"end":{"line":14,"column":14}},"loc":{"start":{"line":14,"column":41},"end":{"line":16,"column":1}}},"1":{"name":"(anonymous_2)","decl":{"start":{"line":23,"column":8},"end":{"line":23,"column":9}},"loc":{"start":{"line":23,"column":66},"end":{"line":30,"column":1}}},"2":{"name":"(anonymous_3)","decl":{"start":{"line":33,"column":19},"end":{"line":33,"column":null}},"loc":{"start":{"line":33,"column":19},"end":{"line":35,"column":3}}}},"branchMap":{"0":{"loc":{"start":{"line":8,"column":13},"end":{"line":8,"column":37}},"type":"binary-expr","locations":[{"start":{"line":8,"column":13},"end":{"line":8,"column":29}},{"start":{"line":8,"column":33},"end":{"line":8,"column":37}}]},"1":{"loc":{"start":{"line":27,"column":21},"end":{"line":27,"column":42}},"type":"binary-expr","locations":[{"start":{"line":27,"column":21},"end":{"line":27,"column":35}},{"start":{"line":27,"column":39},"end":{"line":27,"column":42}}]},"2":{"loc":{"start":{"line":28,"column":18},"end":{"line":28,"column":56}},"type":"binary-expr","locations":[{"start":{"line":28,"column":18},"end":{"line":28,"column":29}},{"start":{"line":28,"column":33},"end":{"line":28,"column":56}}]},"3":{"loc":{"start":{"line":32,"column":0},"end":{"line":36,"column":null}},"type":"if","locations":[{"start":{"line":32,"column":0},"end":{"line":36,"column":null}}]}},"s":{"0":2,"1":2,"2":2,"3":2,"4":2,"5":2,"6":2,"7":2,"8":2,"9":1,"10":2,"11":2,"12":0,"13":0,"14":0,"15":0,"16":2,"17":0,"18":0},"f":{"0":1,"1":0,"2":0},"b":{"0":[2,2],"1":[0,0],"2":[0,0],"3":[0]}}
,"/Users/isaacarismendi/Documents/LIDR-IA/AI4Devs-lab-ides-RO-1/backend/src/domain/use-cases/AddCandidateUseCase.ts": {"path":"/Users/isaacarismendi/Documents/LIDR-IA/AI4Devs-lab-ides-RO-1/backend/src/domain/use-cases/AddCandidateUseCase.ts","statementMap":{"0":{"start":{"line":8,"column":0},"end":{"line":8,"column":13}},"1":{"start":{"line":10,"column":21},"end":{"line":10,"column":62}},"2":{"start":{"line":11,"column":21},"end":{"line":11,"column":46}},"3":{"start":{"line":14,"column":8},"end":{"line":52,"column":null}},"4":{"start":{"line":16,"column":30},"end":{"line":16,"column":null}},"5":{"start":{"line":16,"column":10},"end":{"line":16,"column":null}},"6":{"start":{"line":17,"column":4},"end":{"line":19,"column":null}},"7":{"start":{"line":18,"column":6},"end":{"line":18,"column":67}},"8":{"start":{"line":21,"column":8},"end":{"line":21,"column":47}},"9":{"start":{"line":24,"column":8},"end":{"line":24,"column":14}},"10":{"start":{"line":27,"column":14},"end":{"line":27,"column":43}},"11":{"start":{"line":28,"column":17},"end":{"line":28,"column":75}},"12":{"start":{"line":28,"column":8},"end":{"line":28,"column":75}},"13":{"start":{"line":31,"column":8},"end":{"line":31,"column":54}},"14":{"start":{"line":32,"column":8},"end":{"line":32,"column":51}},"15":{"start":{"line":37,"column":10},"end":{"line":40,"column":6}},"16":{"start":{"line":44,"column":29},"end":{"line":44,"column":null}},"17":{"start":{"line":44,"column":12},"end":{"line":44,"column":null}},"18":{"start":{"line":45,"column":6},"end":{"line":45,"column":28}},"19":{"start":{"line":48,"column":6},"end":{"line":48,"column":68}},"20":{"start":{"line":50,"column":6},"end":{"line":50,"column":56}},"21":{"start":{"line":53,"column":0},"end":{"line":53,"column":null}},"22":{"start":{"line":8,"column":13},"end":{"line":8,"column":32}}},"fnMap":{"0":{"name":"(anonymous_15)","decl":{"start":{"line":8,"column":0},"end":{"line":8,"column":13}},"loc":{"start":{"line":8,"column":0},"end":{"line":53,"column":null}}},"1":{"name":"AddCandidateUseCase","decl":{"start":{"line":9,"column":2},"end":{"line":9,"column":null}},"loc":{"start":{"line":11,"column":46},"end":{"line":12,"column":6}}},"2":{"name":"(anonymous_17)","decl":{"start":{"line":14,"column":2},"end":{"line":14,"column":8}},"loc":{"start":{"line":14,"column":68},"end":{"line":52,"column":null}}}},"branchMap":{"0":{"loc":{"start":{"line":16,"column":30},"end":{"line":16,"column":null}},"type":"switch","locations":[{"start":{"line":16,"column":30},"end":{"line":16,"column":null}}]},"1":{"loc":{"start":{"line":17,"column":4},"end":{"line":19,"column":null}},"type":"if","locations":[{"start":{"line":17,"column":4},"end":{"line":19,"column":null}}]},"2":{"loc":{"start":{"line":24,"column":8},"end":{"line":24,"column":14}},"type":"if","locations":[{"start":{"line":24,"column":8},"end":{"line":24,"column":14}}]}},"s":{"0":4,"1":7,"2":7,"3":4,"4":9,"5":9,"6":9,"7":2,"8":7,"9":10,"10":4,"11":4,"12":4,"13":1,"14":1,"15":6,"16":6,"17":6,"18":5,"19":1,"20":1,"21":4,"22":4},"f":{"0":4,"1":7,"2":9},"b":{"0":[9],"1":[2],"2":[3]}}
,"/Users/isaacarismendi/Documents/LIDR-IA/AI4Devs-lab-ides-RO-1/backend/src/infrastructure/adapters/controllers/CandidateController.ts": {"path":"/Users/isaacarismendi/Documents/LIDR-IA/AI4Devs-lab-ides-RO-1/backend/src/infrastructure/adapters/controllers/CandidateController.ts","statementMap":{"0":{"start":{"line":2,"column":0},"end":{"line":2,"column":103}},"1":{"start":{"line":7,"column":0},"end":{"line":7,"column":13}},"2":{"start":{"line":11,"column":4},"end":{"line":11,"column":89}},"3":{"start":{"line":14,"column":8},"end":{"line":56,"column":null}},"4":{"start":{"line":16,"column":12},"end":{"line":16,"column":88}},"5":{"start":{"line":19,"column":6},"end":{"line":22,"column":null}},"6":{"start":{"line":20,"column":8},"end":{"line":20,"column":92}},"7":{"start":{"line":21,"column":8},"end":{"line":21,"column":15}},"8":{"start":{"line":24,"column":12},"end":{"line":32,"column":8}},"9":{"start":{"line":34,"column":10},"end":{"line":34,"column":57}},"10":{"start":{"line":35,"column":6},"end":{"line":41,"column":null}},"11":{"start":{"line":36,"column":8},"end":{"line":40,"column":10}},"12":{"start":{"line":43,"column":27},"end":{"line":43,"column":null}},"13":{"start":{"line":43,"column":12},"end":{"line":43,"column":null}},"14":{"start":{"line":44,"column":6},"end":{"line":44,"column":41}},"15":{"start":{"line":47,"column":6},"end":{"line":47,"column":76}},"16":{"start":{"line":48,"column":6},"end":{"line":54,"column":null}},"17":{"start":{"line":49,"column":8},"end":{"line":49,"column":57}},"18":{"start":{"line":50,"column":13},"end":{"line":54,"column":null}},"19":{"start":{"line":51,"column":8},"end":{"line":51,"column":118}},"20":{"start":{"line":53,"column":8},"end":{"line":53,"column":75}},"21":{"start":{"line":57,"column":0},"end":{"line":57,"column":null}},"22":{"start":{"line":7,"column":13},"end":{"line":7,"column":32}}},"fnMap":{"0":{"name":"(anonymous_13)","decl":{"start":{"line":7,"column":0},"end":{"line":7,"column":13}},"loc":{"start":{"line":7,"column":0},"end":{"line":57,"column":null}}},"1":{"name":"CandidateController","decl":{"start":{"line":10,"column":2},"end":{"line":10,"column":14}},"loc":{"start":{"line":10,"column":82},"end":{"line":12,"column":3}}},"2":{"name":"(anonymous_15)","decl":{"start":{"line":14,"column":2},"end":{"line":14,"column":8}},"loc":{"start":{"line":14,"column":48},"end":{"line":56,"column":null}}}},"branchMap":{"0":{"loc":{"start":{"line":19,"column":6},"end":{"line":22,"column":null}},"type":"if","locations":[{"start":{"line":19,"column":6},"end":{"line":22,"column":null}}]},"1":{"loc":{"start":{"line":19,"column":10},"end":{"line":19,"column":43}},"type":"binary-expr","locations":[{"start":{"line":19,"column":10},"end":{"line":19,"column":20}},{"start":{"line":19,"column":24},"end":{"line":19,"column":33}},{"start":{"line":19,"column":37},"end":{"line":19,"column":43}}]},"2":{"loc":{"start":{"line":35,"column":6},"end":{"line":41,"column":null}},"type":"if","locations":[{"start":{"line":35,"column":6},"end":{"line":41,"column":null}}]},"3":{"loc":{"start":{"line":48,"column":6},"end":{"line":54,"column":null}},"type":"if","locations":[{"start":{"line":48,"column":6},"end":{"line":54,"column":null}},{"start":{"line":50,"column":13},"end":{"line":54,"column":null}}]},"4":{"loc":{"start":{"line":50,"column":13},"end":{"line":54,"column":null}},"type":"if","locations":[{"start":{"line":50,"column":13},"end":{"line":54,"column":null}},{"start":{"line":52,"column":13},"end":{"line":54,"column":null}}]},"5":{"loc":{"start":{"line":50,"column":17},"end":{"line":50,"column":114}},"type":"binary-expr","locations":[{"start":{"line":50,"column":17},"end":{"line":50,"column":60}},{"start":{"line":50,"column":64},"end":{"line":50,"column":114}}]}},"s":{"0":3,"1":3,"2":8,"3":3,"4":11,"5":11,"6":2,"7":2,"8":9,"9":9,"10":9,"11":3,"12":9,"13":9,"14":4,"15":5,"16":5,"17":2,"18":3,"19":2,"20":1,"21":3,"22":3},"f":{"0":3,"1":8,"2":11},"b":{"0":[2],"1":[11,11,9],"2":[3],"3":[2,3],"4":[2,1],"5":[3,2]}}
,"/Users/isaacarismendi/Documents/LIDR-IA/AI4Devs-lab-ides-RO-1/backend/src/infrastructure/adapters/persistence/PrismaCandidateRepository.ts": {"path":"/Users/isaacarismendi/Documents/LIDR-IA/AI4Devs-lab-ides-RO-1/backend/src/infrastructure/adapters/persistence/PrismaCandidateRepository.ts","statementMap":{"0":{"start":{"line":1,"column":0},"end":{"line":1,"column":46}},"1":{"start":{"line":8,"column":0},"end":{"line":8,"column":13}},"2":{"start":{"line":12,"column":4},"end":{"line":12,"column":37}},"3":{"start":{"line":15,"column":8},"end":{"line":28,"column":null}},"4":{"start":{"line":17,"column":29},"end":{"line":19,"column":null}},"5":{"start":{"line":17,"column":12},"end":{"line":19,"column":null}},"6":{"start":{"line":22,"column":6},"end":{"line":22,"column":41}},"7":{"start":{"line":25,"column":6},"end":{"line":25,"column":66}},"8":{"start":{"line":26,"column":6},"end":{"line":26,"column":64}},"9":{"start":{"line":30,"column":8},"end":{"line":40,"column":null}},"10":{"start":{"line":32,"column":24},"end":{"line":34,"column":null}},"11":{"start":{"line":32,"column":12},"end":{"line":34,"column":null}},"12":{"start":{"line":35,"column":6},"end":{"line":35,"column":43}},"13":{"start":{"line":37,"column":6},"end":{"line":37,"column":76}},"14":{"start":{"line":38,"column":6},"end":{"line":38,"column":74}},"15":{"start":{"line":45,"column":0},"end":{"line":45,"column":null}},"16":{"start":{"line":8,"column":13},"end":{"line":8,"column":38}}},"fnMap":{"0":{"name":"(anonymous_13)","decl":{"start":{"line":8,"column":0},"end":{"line":8,"column":13}},"loc":{"start":{"line":8,"column":0},"end":{"line":45,"column":null}}},"1":{"name":"PrismaCandidateRepository","decl":{"start":{"line":11,"column":2},"end":{"line":11,"column":null}},"loc":{"start":{"line":11,"column":2},"end":{"line":13,"column":3}}},"2":{"name":"(anonymous_15)","decl":{"start":{"line":15,"column":2},"end":{"line":15,"column":8}},"loc":{"start":{"line":15,"column":77},"end":{"line":28,"column":null}}},"3":{"name":"(anonymous_18)","decl":{"start":{"line":30,"column":2},"end":{"line":30,"column":8}},"loc":{"start":{"line":30,"column":33},"end":{"line":40,"column":null}}}},"branchMap":{},"s":{"0":4,"1":4,"2":8,"3":4,"4":9,"5":9,"6":7,"7":2,"8":2,"9":4,"10":9,"11":9,"12":8,"13":1,"14":1,"15":4,"16":4},"f":{"0":4,"1":8,"2":9,"3":9},"b":{}}
,"/Users/isaacarismendi/Documents/LIDR-IA/AI4Devs-lab-ides-RO-1/backend/src/infrastructure/adapters/storage/FileSystemStorageAdapter.ts": {"path":"/Users/isaacarismendi/Documents/LIDR-IA/AI4Devs-lab-ides-RO-1/backend/src/infrastructure/adapters/storage/FileSystemStorageAdapter.ts","statementMap":{"0":{"start":{"line":1,"column":0},"end":{"line":1,"column":25}},"1":{"start":{"line":2,"column":0},"end":{"line":2,"column":29}},"2":{"start":{"line":5,"column":0},"end":{"line":5,"column":13}},"3":{"start":{"line":8,"column":10},"end":{"line":8,"column":74}},"4":{"start":{"line":12,"column":4},"end":{"line":14,"column":null}},"5":{"start":{"line":13,"column":6},"end":{"line":13,"column":61}},"6":{"start":{"line":17,"column":8},"end":{"line":45,"column":null}},"7":{"start":{"line":19,"column":12},"end":{"line":19,"column":86}},"8":{"start":{"line":22,"column":6},"end":{"line":24,"column":null}},"9":{"start":{"line":23,"column":8},"end":{"line":23,"column":59}},"10":{"start":{"line":29,"column":12},"end":{"line":29,"column":52}},"11":{"start":{"line":30,"column":12},"end":{"line":30,"column":60}},"12":{"start":{"line":32,"column":6},"end":{"line":32,"column":58}},"13":{"start":{"line":35,"column":12},"end":{"line":35,"column":72}},"14":{"start":{"line":38,"column":6},"end":{"line":38,"column":52}},"15":{"start":{"line":41,"column":6},"end":{"line":41,"column":63}},"16":{"start":{"line":43,"column":6},"end":{"line":43,"column":60}},"17":{"start":{"line":46,"column":0},"end":{"line":46,"column":null}},"18":{"start":{"line":5,"column":13},"end":{"line":5,"column":37}}},"fnMap":{"0":{"name":"(anonymous_19)","decl":{"start":{"line":5,"column":0},"end":{"line":5,"column":13}},"loc":{"start":{"line":5,"column":0},"end":{"line":46,"column":null}}},"1":{"name":"FileSystemStorageAdapter","decl":{"start":{"line":10,"column":2},"end":{"line":10,"column":null}},"loc":{"start":{"line":10,"column":2},"end":{"line":15,"column":3}}},"2":{"name":"(anonymous_21)","decl":{"start":{"line":17,"column":2},"end":{"line":17,"column":8}},"loc":{"start":{"line":17,"column":61},"end":{"line":45,"column":null}}}},"branchMap":{"0":{"loc":{"start":{"line":12,"column":4},"end":{"line":14,"column":null}},"type":"if","locations":[{"start":{"line":12,"column":4},"end":{"line":14,"column":null}}]},"1":{"loc":{"start":{"line":22,"column":6},"end":{"line":24,"column":null}},"type":"if","locations":[{"start":{"line":22,"column":6},"end":{"line":24,"column":null}}]}},"s":{"0":3,"1":3,"2":3,"3":4,"4":4,"5":2,"6":3,"7":5,"8":5,"9":4,"10":5,"11":5,"12":10,"13":4,"14":4,"15":1,"16":1,"17":3,"18":3},"f":{"0":3,"1":4,"2":5},"b":{"0":[2],"1":[4]}}
,"/Users/isaacarismendi/Documents/LIDR-IA/AI4Devs-lab-ides-RO-1/backend/src/infrastructure/routes/candidateRoutes.ts": {"path":"/Users/isaacarismendi/Documents/LIDR-IA/AI4Devs-lab-ides-RO-1/backend/src/infrastructure/routes/candidateRoutes.ts","statementMap":{"0":{"start":{"line":1,"column":0},"end":{"line":1,"column":33}},"1":{"start":{"line":2,"column":0},"end":{"line":2,"column":28}},"2":{"start":{"line":3,"column":0},"end":{"line":3,"column":82}},"3":{"start":{"line":4,"column":0},"end":{"line":4,"column":94}},"4":{"start":{"line":5,"column":0},"end":{"line":5,"column":88}},"5":{"start":{"line":8,"column":15},"end":{"line":23,"column":2}},"6":{"start":{"line":15,"column":4},"end":{"line":21,"column":null}},"7":{"start":{"line":16,"column":6},"end":{"line":16,"column":21}},"8":{"start":{"line":20,"column":6},"end":{"line":20,"column":73}},"9":{"start":{"line":25,"column":15},"end":{"line":25,"column":23}},"10":{"start":{"line":28,"column":28},"end":{"line":28,"column":59}},"11":{"start":{"line":29,"column":20},"end":{"line":29,"column":50}},"12":{"start":{"line":30,"column":28},"end":{"line":30,"column":85}},"13":{"start":{"line":34,"column":0},"end":{"line":47,"column":2}},"14":{"start":{"line":38,"column":4},"end":{"line":40,"column":null}},"15":{"start":{"line":39,"column":8},"end":{"line":39,"column":74}},"16":{"start":{"line":44,"column":4},"end":{"line":44,"column":11}},"17":{"start":{"line":46,"column":16},"end":{"line":46,"column":59}},"18":{"start":{"line":51,"column":0},"end":{"line":63,"column":3}},"19":{"start":{"line":52,"column":2},"end":{"line":61,"column":null}},"20":{"start":{"line":54,"column":4},"end":{"line":54,"column":77}},"21":{"start":{"line":55,"column":9},"end":{"line":61,"column":null}},"22":{"start":{"line":57,"column":4},"end":{"line":59,"column":null}},"23":{"start":{"line":58,"column":8},"end":{"line":58,"column":62}},"24":{"start":{"line":60,"column":4},"end":{"line":60,"column":97}},"25":{"start":{"line":62,"column":2},"end":{"line":62,"column":9}},"26":{"start":{"line":65,"column":0},"end":{"line":65,"column":22}}},"fnMap":{"0":{"name":"(anonymous_1)","decl":{"start":{"line":13,"column":14},"end":{"line":13,"column":15}},"loc":{"start":{"line":13,"column":28},"end":{"line":22,"column":3}}},"1":{"name":"(anonymous_2)","decl":{"start":{"line":37,"column":2},"end":{"line":37,"column":3}},"loc":{"start":{"line":37,"column":32},"end":{"line":45,"column":3}}},"2":{"name":"(anonymous_3)","decl":{"start":{"line":46,"column":2},"end":{"line":46,"column":3}},"loc":{"start":{"line":46,"column":11},"end":{"line":46,"column":35}}},"3":{"name":"(anonymous_4)","decl":{"start":{"line":51,"column":11},"end":{"line":51,"column":12}},"loc":{"start":{"line":51,"column":51},"end":{"line":63,"column":1}}}},"branchMap":{"0":{"loc":{"start":{"line":15,"column":4},"end":{"line":21,"column":null}},"type":"if","locations":[{"start":{"line":15,"column":4},"end":{"line":21,"column":null}},{"start":{"line":17,"column":11},"end":{"line":21,"column":null}}]},"1":{"loc":{"start":{"line":15,"column":8},"end":{"line":15,"column":138}},"type":"binary-expr","locations":[{"start":{"line":15,"column":8},"end":{"line":15,"column":43}},{"start":{"line":15,"column":47},"end":{"line":15,"column":138}}]},"2":{"loc":{"start":{"line":38,"column":4},"end":{"line":40,"column":null}},"type":"if","locations":[{"start":{"line":38,"column":4},"end":{"line":40,"column":null}}]},"3":{"loc":{"start":{"line":52,"column":2},"end":{"line":61,"column":null}},"type":"if","locations":[{"start":{"line":52,"column":2},"end":{"line":61,"column":null}},{"start":{"line":55,"column":9},"end":{"line":61,"column":null}}]},"4":{"loc":{"start":{"line":55,"column":9},"end":{"line":61,"column":null}},"type":"if","locations":[{"start":{"line":55,"column":9},"end":{"line":61,"column":null}}]},"5":{"loc":{"start":{"line":57,"column":4},"end":{"line":59,"column":null}},"type":"if","locations":[{"start":{"line":57,"column":4},"end":{"line":59,"column":null}}]}},"s":{"0":2,"1":2,"2":2,"3":2,"4":2,"5":2,"6":3,"7":2,"8":1,"9":2,"10":2,"11":2,"12":2,"13":2,"14":5,"15":0,"16":5,"17":5,"18":2,"19":2,"20":1,"21":1,"22":1,"23":1,"24":0,"25":0,"26":2},"f":{"0":3,"1":5,"2":5,"3":2},"b":{"0":[2,1],"1":[3,1],"2":[0],"3":[1,1],"4":[1],"5":[1]}}
}
