TN:
SF:src/index.ts
FN:14,(anonymous_1)
FN:23,(anonymous_2)
FN:33,(anonymous_3)
FNF:3
FNH:1
FNDA:1,(anonymous_1)
FNDA:0,(anonymous_2)
FNDA:0,(anonymous_3)
DA:1,2
DA:2,2
DA:3,2
DA:5,2
DA:7,2
DA:8,2
DA:11,2
DA:12,2
DA:14,2
DA:15,1
DA:19,2
DA:23,2
DA:24,0
DA:27,0
DA:28,0
DA:29,0
DA:32,2
DA:33,0
DA:34,0
LF:19
LH:13
BRDA:8,0,0,2
BRDA:8,0,1,2
BRDA:27,1,0,0
BRDA:27,1,1,0
BRDA:28,2,0,0
BRDA:28,2,1,0
BRDA:32,3,0,0
BRF:7
BRH:2
end_of_record
TN:
SF:src/domain/use-cases/AddCandidateUseCase.ts
FN:8,(anonymous_15)
FN:9,AddCandidateUseCase
FN:14,(anonymous_17)
FNF:3
FNH:3
FNDA:4,(anonymous_15)
FNDA:7,AddCandidateUseCase
FNDA:9,(anonymous_17)
DA:8,4
DA:10,7
DA:11,7
DA:14,4
DA:16,9
DA:17,9
DA:18,2
DA:21,7
DA:24,10
DA:27,4
DA:28,4
DA:31,1
DA:32,1
DA:37,6
DA:44,6
DA:45,5
DA:48,1
DA:50,1
DA:53,4
LF:19
LH:19
BRDA:16,0,0,9
BRDA:17,1,0,2
BRDA:24,2,0,3
BRF:3
BRH:3
end_of_record
TN:
SF:src/infrastructure/adapters/controllers/CandidateController.ts
FN:7,(anonymous_13)
FN:10,CandidateController
FN:14,(anonymous_15)
FNF:3
FNH:3
FNDA:3,(anonymous_13)
FNDA:8,CandidateController
FNDA:11,(anonymous_15)
DA:2,3
DA:7,3
DA:11,8
DA:14,3
DA:16,11
DA:19,11
DA:20,2
DA:21,2
DA:24,9
DA:34,9
DA:35,9
DA:36,3
DA:43,9
DA:44,4
DA:47,5
DA:48,5
DA:49,2
DA:50,3
DA:51,2
DA:53,1
DA:57,3
LF:21
LH:21
BRDA:19,0,0,2
BRDA:19,1,0,11
BRDA:19,1,1,11
BRDA:19,1,2,9
BRDA:35,2,0,3
BRDA:48,3,0,2
BRDA:48,3,1,3
BRDA:50,4,0,2
BRDA:50,4,1,1
BRDA:50,5,0,3
BRDA:50,5,1,2
BRF:11
BRH:11
end_of_record
TN:
SF:src/infrastructure/adapters/persistence/PrismaCandidateRepository.ts
FN:8,(anonymous_13)
FN:11,PrismaCandidateRepository
FN:15,(anonymous_15)
FN:30,(anonymous_18)
FNF:4
FNH:4
FNDA:4,(anonymous_13)
FNDA:8,PrismaCandidateRepository
FNDA:9,(anonymous_15)
FNDA:9,(anonymous_18)
DA:1,4
DA:8,4
DA:12,8
DA:15,4
DA:17,9
DA:22,7
DA:25,2
DA:26,2
DA:30,4
DA:32,9
DA:35,8
DA:37,1
DA:38,1
DA:45,4
LF:14
LH:14
BRF:0
BRH:0
end_of_record
TN:
SF:src/infrastructure/adapters/storage/FileSystemStorageAdapter.ts
FN:5,(anonymous_19)
FN:10,FileSystemStorageAdapter
FN:17,(anonymous_21)
FNF:3
FNH:3
FNDA:3,(anonymous_19)
FNDA:4,FileSystemStorageAdapter
FNDA:5,(anonymous_21)
DA:1,3
DA:2,3
DA:5,3
DA:8,4
DA:12,4
DA:13,2
DA:17,3
DA:19,5
DA:22,5
DA:23,4
DA:29,5
DA:30,5
DA:32,10
DA:35,4
DA:38,4
DA:41,1
DA:43,1
DA:46,3
LF:18
LH:18
BRDA:12,0,0,2
BRDA:22,1,0,4
BRF:2
BRH:2
end_of_record
TN:
SF:src/infrastructure/routes/candidateRoutes.ts
FN:13,(anonymous_1)
FN:37,(anonymous_2)
FN:46,(anonymous_3)
FN:51,(anonymous_4)
FNF:4
FNH:4
FNDA:3,(anonymous_1)
FNDA:5,(anonymous_2)
FNDA:5,(anonymous_3)
FNDA:2,(anonymous_4)
DA:1,2
DA:2,2
DA:3,2
DA:4,2
DA:5,2
DA:8,2
DA:15,3
DA:16,2
DA:20,1
DA:25,2
DA:28,2
DA:29,2
DA:30,2
DA:34,2
DA:38,5
DA:39,0
DA:44,5
DA:46,5
DA:51,2
DA:52,2
DA:54,1
DA:55,1
DA:57,1
DA:58,1
DA:60,0
DA:62,0
DA:65,2
LF:27
LH:24
BRDA:15,0,0,2
BRDA:15,0,1,1
BRDA:15,1,0,3
BRDA:15,1,1,1
BRDA:38,2,0,0
BRDA:52,3,0,1
BRDA:52,3,1,1
BRDA:55,4,0,1
BRDA:57,5,0,1
BRF:9
BRH:8
end_of_record
